c:\users\legion\source\repos\news-managment-system-hossam\news_mangement_sys\x64\debug\vc143.pdb
c:\users\legion\source\repos\news-managment-system-hossam\news_mangement_sys\x64\debug\vc143.idb
c:\users\legion\source\repos\news-managment-system-hossam\news_mangement_sys\x64\debug\source.obj
c:\users\legion\source\repos\news-managment-system-hossam\news_mangement_sys\x64\debug\userrepository.obj
c:\users\legion\source\repos\news-managment-system-hossam\news_mangement_sys\x64\debug\user.obj
c:\users\legion\source\repos\news-managment-system-hossam\news_mangement_sys\x64\debug\news.obj
c:\users\legion\source\repos\news-managment-system-hossam\news_mangement_sys\x64\debug\utility.obj
c:\users\legion\source\repos\news-managment-system-hossam\news_mangement_sys\x64\debug\date.obj
c:\users\legion\source\repos\news-managment-system-hossam\news_mangement_sys\x64\debug\database.obj
c:\users\legion\source\repos\news-managment-system-hossam\news_mangement_sys\x64\debug\news_mangement_sys.exe
c:\users\legion\source\repos\news-managment-system-hossam\news_mangement_sys\x64\debug\news_mangement_sys.ilk
c:\users\legion\source\repos\news-managment-system-hossam\news_mangement_sys\x64\debug\news_mangement_sys.pdb
c:\users\legion\source\repos\news-managment-system-hossam\news_mangement_sys\x64\debug\users.obj
c:\users\legion\source\repos\news-managment-system-hossam\news_mangement_sys\x64\debug\news_man.dc190104.tlog\cl.command.1.tlog
c:\users\legion\source\repos\news-managment-system-hossam\news_mangement_sys\x64\debug\news_man.dc190104.tlog\cl.items.tlog
c:\users\legion\source\repos\news-managment-system-hossam\news_mangement_sys\x64\debug\news_man.dc190104.tlog\cl.read.1.tlog
c:\users\legion\source\repos\news-managment-system-hossam\news_mangement_sys\x64\debug\news_man.dc190104.tlog\cl.write.1.tlog
c:\users\legion\source\repos\news-managment-system-hossam\news_mangement_sys\x64\debug\news_man.dc190104.tlog\link.command.1.tlog
c:\users\legion\source\repos\news-managment-system-hossam\news_mangement_sys\x64\debug\news_man.dc190104.tlog\link.read.1.tlog
c:\users\legion\source\repos\news-managment-system-hossam\news_mangement_sys\x64\debug\news_man.dc190104.tlog\link.write.1.tlog
